Building DAG of jobs...
Using shell: /usr/bin/bash
Provided cores: 1 (use --cores to define parallelism)
Rules claiming more threads will be scaled down.
Provided resources: mem_mb=2000, disk_mb=1000, time=1440
Select jobs to execute...

[Mon Sep 26 15:23:04 2022]
rule prinseq:
    input: test/illumina-subset/reads_R1.fastq, test/illumina-subset/reads_R2.fastq
    output: example/prinseq/reads_good_out_R1.fastq, example/prinseq/reads_good_out_R2.fastq, example/prinseq/reads_single_out_R1.fastq, example/prinseq/reads_single_out_R2.fastq
    log: example/logs/prinseq_reads.log
    jobid: 0
    reason: Forced execution
    wildcards: sample=reads
    resources: mem_mb=2000, disk_mb=1000, tmpdir=/local/nala0006/1156990, time=1440

{
            prinseq++ -min_len 60 -min_qual_mean 25 -ns_max_n 1 -derep 1                     -out_format 0 -trim_tail_left 5 -trim_tail_right 5                     -ns_max_n 5  -trim_qual_type min -trim_qual_left 30                     -trim_qual_right 30 -trim_qual_window 10                     -threads 1                     -out_name example/prinseq/reads                     -out_bad /dev/null                     -out_bad2 /dev/null                     -fastq test/illumina-subset/reads_R1.fastq                     -fastq2 test/illumina-subset/reads_R2.fastq; } 2> example/logs/prinseq_reads.log
        
Activating conda environment: phage_genome_assembly/workflow/conda/ad10f784d40f8fb17409b2d32de31ee8_
[Mon Sep 26 15:23:05 2022]
Finished job 0.
1 of 1 steps (100%) done
