Building DAG of jobs...
Using shell: /usr/bin/bash
Provided cores: 1 (use --cores to define parallelism)
Rules claiming more threads will be scaled down.
Provided resources: mem_mb=64000, disk_mb=1000, time=1440
Select jobs to execute...

[Mon Sep 26 15:25:33 2022]
rule components_spades:
    input: example/assembly/reads-spades/contigs.fasta, example/assembly/reads-spades/assembly_graph_with_scaffolds.gfa, example/assembly/reads-spades/contigs.paths
    output: example/assembly/reads-spades/graph_seq_details_spades.tsv
    log: example/logs/components_spades_reads.log
    jobid: 0
    reason: Forced execution
    wildcards: sample=reads
    resources: mem_mb=64000, disk_mb=1000, tmpdir=/local/nala0006/1156998, time=1440


            if [[ -s example/assembly/reads-spades/contigs.fasta ]]; then
                python phages/phages.workflow/scripts/components.py -a spades -c example/assembly/reads-spades/contigs.fasta -g example/assembly/reads-spades/assembly_graph_with_scaffolds.gfa -p example/assembly/reads-spades/contigs.paths -o example/assembly/reads-spades 2> example/logs/components_spades_reads.log
            fi
        
Activating conda environment: phage_genome_assembly/workflow/conda/585719f2b7a2cbc903c90c116365685a_
[Mon Sep 26 15:25:34 2022]
Error in rule components_spades:
    jobid: 0
    output: example/assembly/reads-spades/graph_seq_details_spades.tsv
    log: example/logs/components_spades_reads.log (check log file(s) for error message)
    conda-env: /scratch/user/nala0006/Bc-PhageSeq/github/phage-genomes/phage_genome_assembly/workflow/conda/585719f2b7a2cbc903c90c116365685a_
    shell:
        
            if [[ -s example/assembly/reads-spades/contigs.fasta ]]; then
                python phages/phages.workflow/scripts/components.py -a spades -c example/assembly/reads-spades/contigs.fasta -g example/assembly/reads-spades/assembly_graph_with_scaffolds.gfa -p example/assembly/reads-spades/contigs.paths -o example/assembly/reads-spades 2> example/logs/components_spades_reads.log
            fi
        
        (one of the commands exited with non-zero exit code; note that snakemake uses bash strict mode!)

Shutting down, this might take some time.
Exiting because a job execution failed. Look above for error message
Building DAG of jobs...
Using shell: /usr/bin/bash
Provided cores: 1 (use --cores to define parallelism)
Rules claiming more threads will be scaled down.
Provided resources: mem_mb=64000, disk_mb=1000, time=1440
Select jobs to execute...

[Mon Sep 26 15:26:01 2022]
rule components_spades:
    input: example/assembly/reads-spades/contigs.fasta, example/assembly/reads-spades/assembly_graph_with_scaffolds.gfa, example/assembly/reads-spades/contigs.paths
    output: example/assembly/reads-spades/graph_seq_details_spades.tsv
    log: example/logs/components_spades_reads.log
    jobid: 0
    reason: Forced execution
    wildcards: sample=reads
    resources: mem_mb=64000, disk_mb=1000, tmpdir=/local/nala0006/1157002, time=1440


            if [[ -s example/assembly/reads-spades/contigs.fasta ]]; then
                python phages/phages.workflow/scripts/components.py -a spades -c example/assembly/reads-spades/contigs.fasta -g example/assembly/reads-spades/assembly_graph_with_scaffolds.gfa -p example/assembly/reads-spades/contigs.paths -o example/assembly/reads-spades 2> example/logs/components_spades_reads.log
            fi
        
Activating conda environment: phage_genome_assembly/workflow/conda/585719f2b7a2cbc903c90c116365685a_
[Mon Sep 26 15:26:02 2022]
Error in rule components_spades:
    jobid: 0
    output: example/assembly/reads-spades/graph_seq_details_spades.tsv
    log: example/logs/components_spades_reads.log (check log file(s) for error message)
    conda-env: /scratch/user/nala0006/Bc-PhageSeq/github/phage-genomes/phage_genome_assembly/workflow/conda/585719f2b7a2cbc903c90c116365685a_
    shell:
        
            if [[ -s example/assembly/reads-spades/contigs.fasta ]]; then
                python phages/phages.workflow/scripts/components.py -a spades -c example/assembly/reads-spades/contigs.fasta -g example/assembly/reads-spades/assembly_graph_with_scaffolds.gfa -p example/assembly/reads-spades/contigs.paths -o example/assembly/reads-spades 2> example/logs/components_spades_reads.log
            fi
        
        (one of the commands exited with non-zero exit code; note that snakemake uses bash strict mode!)

Shutting down, this might take some time.
Exiting because a job execution failed. Look above for error message
