Building DAG of jobs...
Using shell: /usr/bin/bash
Provided cores: 10
Rules claiming more threads will be scaled down.
Provided resources: mem_mb=64000, disk_mb=1000, time=1440
Select jobs to execute...

[Mon Sep 26 12:14:16 2022]
rule contig_coverage_flye_nano:
    input: example/assembly/reads-flye/assembly.fasta, example/filtlong/reads-filtlong.fastq
    output: example/assembly/reads-flye/reads-contigs.tsv
    log: example/logs/coverm_flye_illumina_reads.log
    jobid: 0
    reason: Forced execution
    wildcards: sample=reads
    threads: 10
    resources: mem_mb=64000, disk_mb=1000, tmpdir=/local/nala0006/1156916, time=1440


            if [[ -s example/assembly/reads-flye/assembly.fasta ]]; then
                export TMPDIR=/scratch/user/nala0006/tmp
                coverm contig --single example/filtlong/reads-filtlong.fastq --reference example/assembly/reads-flye/assembly.fasta -o example/assembly/reads-flye/reads-contigs.tsv -t 10 2> example/logs/coverm_flye_illumina_reads.log
            fi
        
Activating conda environment: phage_genome_assembly/workflow/conda/ef9b113fd4996df0b6d838954a1b6013_
[Mon Sep 26 12:14:18 2022]
Finished job 0.
1 of 1 steps (100%) done
Building DAG of jobs...
Using shell: /usr/bin/bash
Provided cores: 10
Rules claiming more threads will be scaled down.
Provided resources: mem_mb=64000, disk_mb=1000, time=1440
Select jobs to execute...

[Mon Sep 26 14:35:38 2022]
rule contig_coverage_flye_nano:
    input: example/assembly/reads-flye/assembly.fasta, example/filtlong/reads-filtlong.fastq
    output: example/assembly/reads-flye/reads-contigs.tsv
    log: example/logs/coverm_flye_illumina_reads.log
    jobid: 0
    reason: Forced execution
    wildcards: sample=reads
    threads: 10
    resources: mem_mb=64000, disk_mb=1000, tmpdir=/local/nala0006/1156982, time=1440


            if [[ -s example/assembly/reads-flye/assembly.fasta ]]; then
                export TMPDIR=/scratch/user/nala0006/tmp
                coverm contig --single example/filtlong/reads-filtlong.fastq --reference example/assembly/reads-flye/assembly.fasta -o example/assembly/reads-flye/reads-contigs.tsv -t 10 2> example/logs/coverm_flye_illumina_reads.log
            fi
        
Activating conda environment: phage_genome_assembly/workflow/conda/ef9b113fd4996df0b6d838954a1b6013_
[Mon Sep 26 14:35:42 2022]
Finished job 0.
1 of 1 steps (100%) done
