Building DAG of jobs...
Using shell: /usr/bin/bash
Provided cores: 10
Rules claiming more threads will be scaled down.
Provided resources: mem_mb=90000, disk_mb=1000, time=7200
Select jobs to execute...

[Mon Sep 26 15:23:55 2022]
rule megahit:
    input: example/prinseq/reads_good_out_R1.fastq, example/prinseq/reads_good_out_R2.fastq
    output: example/assembly/reads-megahit/reads.contigs.fa
    log: example/logs/megahit_reads.log
    jobid: 0
    reason: Forced execution
    wildcards: sample=reads
    threads: 10
    resources: mem_mb=90000, disk_mb=1000, tmpdir=/local/nala0006/1156992, time=7200


            rmdir example/assembly/reads-megahit
            megahit -1 example/prinseq/reads_good_out_R1.fastq -2 example/prinseq/reads_good_out_R2.fastq -o example/assembly/reads-megahit --out-prefix reads -t 10 2> example/logs/megahit_reads.log
        
Activating conda environment: phage_genome_assembly/workflow/conda/31e2b18eff4a931c78c3f7c4d71e76af_
[Mon Sep 26 15:24:19 2022]
Finished job 0.
1 of 1 steps (100%) done
