Building DAG of jobs...
Using shell: /usr/bin/bash
Provided cores: 10
Rules claiming more threads will be scaled down.
Provided resources: mem_mb=64000, disk_mb=1000, time=1440
Select jobs to execute...

[Mon Sep 26 15:25:01 2022]
rule contig_coverage_megahit:
    input: example/assembly/reads-megahit/reads.contigs.fa, example/prinseq/reads_good_out_R1.fastq, example/prinseq/reads_good_out_R2.fastq
    output: example/assembly/reads-megahit/reads-contigs.tsv
    log: example/logs/coverm_megahit_illumina_reads.log
    jobid: 0
    reason: Forced execution
    wildcards: sample=reads
    threads: 10
    resources: mem_mb=64000, disk_mb=1000, tmpdir=/local/nala0006/1156994, time=1440


            if [[ -s example/assembly/reads-megahit/reads.contigs.fa ]]; then
                export TMPDIR=/scratch/user/nala0006/tmp
                coverm contig -1 example/prinseq/reads_good_out_R1.fastq -2 example/prinseq/reads_good_out_R2.fastq --reference example/assembly/reads-megahit/reads.contigs.fa -o example/assembly/reads-megahit/reads-contigs.tsv -t 10 2> example/logs/coverm_megahit_illumina_reads.log
            fi
        
Activating conda environment: phage_genome_assembly/workflow/conda/ef9b113fd4996df0b6d838954a1b6013_
[Mon Sep 26 15:25:03 2022]
Finished job 0.
1 of 1 steps (100%) done
