Building DAG of jobs...
Using shell: /usr/bin/bash
Provided cores: 1 (use --cores to define parallelism)
Rules claiming more threads will be scaled down.
Provided resources: mem_mb=64000, disk_mb=1000, time=1440
Select jobs to execute...

[Mon Sep 26 12:13:23 2022]
rule components_unicycler_nano:
    input: example/assembly/reads-nanopore-unicycler/assembly.fasta, example/assembly/reads-nanopore-unicycler/assembly.gfa
    output: example/assembly/reads-nanopore-unicycler/graph_seq_details_unicycler.tsv
    log: example/logs/components_unicycler_reads.log
    jobid: 0
    reason: Forced execution
    wildcards: sample=reads
    resources: mem_mb=64000, disk_mb=1000, tmpdir=/local/nala0006/1156910, time=1440


            if [[ -s example/assembly/reads-nanopore-unicycler/assembly.fasta ]]; then
                python phages/phages.workflow/scripts/components.py -a unicycler -c example/assembly/reads-nanopore-unicycler/assembly.fasta -g example/assembly/reads-nanopore-unicycler/assembly.gfa -o example/assembly/reads-nanopore-unicycler 2> example/logs/components_unicycler_reads.log
            fi
        
Activating conda environment: phage_genome_assembly/workflow/conda/21b671c0f88a971e079bf608e91c7a83_
[Mon Sep 26 12:13:23 2022]
Error in rule components_unicycler_nano:
    jobid: 0
    output: example/assembly/reads-nanopore-unicycler/graph_seq_details_unicycler.tsv
    log: example/logs/components_unicycler_reads.log (check log file(s) for error message)
    conda-env: /scratch/user/nala0006/Bc-PhageSeq/github/phage-genomes/phage_genome_assembly/workflow/conda/21b671c0f88a971e079bf608e91c7a83_
    shell:
        
            if [[ -s example/assembly/reads-nanopore-unicycler/assembly.fasta ]]; then
                python phages/phages.workflow/scripts/components.py -a unicycler -c example/assembly/reads-nanopore-unicycler/assembly.fasta -g example/assembly/reads-nanopore-unicycler/assembly.gfa -o example/assembly/reads-nanopore-unicycler 2> example/logs/components_unicycler_reads.log
            fi
        
        (one of the commands exited with non-zero exit code; note that snakemake uses bash strict mode!)

Shutting down, this might take some time.
Exiting because a job execution failed. Look above for error message
Building DAG of jobs...
Using shell: /usr/bin/bash
Provided cores: 1 (use --cores to define parallelism)
Rules claiming more threads will be scaled down.
Provided resources: mem_mb=64000, disk_mb=1000, time=1440
Select jobs to execute...

[Mon Sep 26 12:13:30 2022]
rule components_unicycler_nano:
    input: example/assembly/reads-nanopore-unicycler/assembly.fasta, example/assembly/reads-nanopore-unicycler/assembly.gfa
    output: example/assembly/reads-nanopore-unicycler/graph_seq_details_unicycler.tsv
    log: example/logs/components_unicycler_reads.log
    jobid: 0
    reason: Forced execution
    wildcards: sample=reads
    resources: mem_mb=64000, disk_mb=1000, tmpdir=/local/nala0006/1156913, time=1440


            if [[ -s example/assembly/reads-nanopore-unicycler/assembly.fasta ]]; then
                python phages/phages.workflow/scripts/components.py -a unicycler -c example/assembly/reads-nanopore-unicycler/assembly.fasta -g example/assembly/reads-nanopore-unicycler/assembly.gfa -o example/assembly/reads-nanopore-unicycler 2> example/logs/components_unicycler_reads.log
            fi
        
Activating conda environment: phage_genome_assembly/workflow/conda/21b671c0f88a971e079bf608e91c7a83_
[Mon Sep 26 12:13:31 2022]
Error in rule components_unicycler_nano:
    jobid: 0
    output: example/assembly/reads-nanopore-unicycler/graph_seq_details_unicycler.tsv
    log: example/logs/components_unicycler_reads.log (check log file(s) for error message)
    conda-env: /scratch/user/nala0006/Bc-PhageSeq/github/phage-genomes/phage_genome_assembly/workflow/conda/21b671c0f88a971e079bf608e91c7a83_
    shell:
        
            if [[ -s example/assembly/reads-nanopore-unicycler/assembly.fasta ]]; then
                python phages/phages.workflow/scripts/components.py -a unicycler -c example/assembly/reads-nanopore-unicycler/assembly.fasta -g example/assembly/reads-nanopore-unicycler/assembly.gfa -o example/assembly/reads-nanopore-unicycler 2> example/logs/components_unicycler_reads.log
            fi
        
        (one of the commands exited with non-zero exit code; note that snakemake uses bash strict mode!)

Shutting down, this might take some time.
Exiting because a job execution failed. Look above for error message
Building DAG of jobs...
Using shell: /usr/bin/bash
Provided cores: 1 (use --cores to define parallelism)
Rules claiming more threads will be scaled down.
Provided resources: mem_mb=64000, disk_mb=1000, time=1440
Select jobs to execute...

[Mon Sep 26 14:13:02 2022]
rule components_unicycler_nano:
    input: example/assembly/reads-nanopore-unicycler/assembly.fasta, example/assembly/reads-nanopore-unicycler/assembly.gfa
    output: example/assembly/reads-nanopore-unicycler/graph_seq_details_unicycler.tsv
    log: example/logs/components_unicycler_reads.log
    jobid: 0
    reason: Forced execution
    wildcards: sample=reads
    resources: mem_mb=64000, disk_mb=1000, tmpdir=/local/nala0006/1156962, time=1440


            if [[ -s example/assembly/reads-nanopore-unicycler/assembly.fasta ]]; then
                python phage_genome_assembly/workflow/scripts/components.py -a unicycler -c example/assembly/reads-nanopore-unicycler/assembly.fasta -g example/assembly/reads-nanopore-unicycler/assembly.gfa -o example/assembly/reads-nanopore-unicycler 2> example/logs/components_unicycler_reads.log
            fi
        
Activating conda environment: phage_genome_assembly/workflow/conda/585719f2b7a2cbc903c90c116365685a_
[Mon Sep 26 14:13:03 2022]
Finished job 0.
1 of 1 steps (100%) done
Building DAG of jobs...
Using shell: /usr/bin/bash
Provided cores: 1 (use --cores to define parallelism)
Rules claiming more threads will be scaled down.
Provided resources: mem_mb=64000, disk_mb=1000, time=1440
Select jobs to execute...

[Mon Sep 26 14:34:36 2022]
rule components_unicycler_nano:
    input: example/assembly/reads-nanopore-unicycler/assembly.fasta, example/assembly/reads-nanopore-unicycler/assembly.gfa
    output: example/assembly/reads-nanopore-unicycler/graph_seq_details_unicycler.tsv
    log: example/logs/components_unicycler_reads.log
    jobid: 0
    reason: Forced execution
    wildcards: sample=reads
    resources: mem_mb=64000, disk_mb=1000, tmpdir=/local/nala0006/1156978, time=1440


            if [[ -s example/assembly/reads-nanopore-unicycler/assembly.fasta ]]; then
                python phage_genome_assembly/workflow/scripts/components.py -a unicycler -c example/assembly/reads-nanopore-unicycler/assembly.fasta -g example/assembly/reads-nanopore-unicycler/assembly.gfa -o example/assembly/reads-nanopore-unicycler 2> example/logs/components_unicycler_reads.log
            fi
        
Activating conda environment: phage_genome_assembly/workflow/conda/585719f2b7a2cbc903c90c116365685a_
[Mon Sep 26 14:34:42 2022]
Finished job 0.
1 of 1 steps (100%) done
