Output files will be saved to directory, example

Databases are being saved in, databases 

Nanopore fastq files run through QC using filtlong, the outputs are saved to, example/filtlong

Saving the assemblies here, example/assembly

Output files will be saved to directory, example

Databases are being saved in, databases 

Nanopore fastq files run through QC using filtlong, the outputs are saved to, example/filtlong

Saving the assemblies here, example/assembly

No circular contigs or components were found
Exiting components.py... Bye...!
Thanks for using components.py... Bye...!
Output files will be saved to directory, example

Databases are being saved in, databases 

Nanopore fastq files run through QC using filtlong, the outputs are saved to, example/filtlong

Saving the assemblies here, example/assembly

No circular contigs or components were found
Exiting components.py... Bye...!
Thanks for using components.py... Bye...!
Output files will be saved to directory, example

Databases are being saved in, databases 

Nanopore fastq files run through QC using filtlong, the outputs are saved to, example/filtlong

Saving the assemblies here, example/assembly

