Building DAG of jobs...
Using shell: /usr/bin/bash
Provided cores: 10
Rules claiming more threads will be scaled down.
Provided resources: mem_mb=2000, disk_mb=1000, time=1440
Select jobs to execute...

[Mon Sep 26 12:13:23 2022]
rule viralverify_unicycler_nano:
    input: databases/Pfam35.0/Pfam-A.hmm.gz, example/assembly/reads-nanopore-unicycler/assembly.fasta
    output: example/assembly/reads-viralverify-unicycler_nano/assembly_result_table.csv
    log: example/logs/viralverify_unicycler_nano_reads.log
    jobid: 0
    reason: Forced execution
    wildcards: sample=reads
    threads: 10
    resources: mem_mb=2000, disk_mb=1000, tmpdir=/local/nala0006/1156912, time=1440


            if [[ -s example/assembly/reads-nanopore-unicycler/assembly.fasta ]]; then
                viralverify -f example/assembly/reads-nanopore-unicycler/assembly.fasta --hmm databases/Pfam35.0/Pfam-A.hmm.gz -o example/assembly/reads-viralverify-unicycler_nano -t 10 2> example/logs/viralverify_unicycler_nano_reads.log
            fi
        
Activating conda environment: phage_genome_assembly/workflow/conda/bd4637c900d76f842a9623ed7704aed7_
[Mon Sep 26 12:14:55 2022]
Finished job 0.
1 of 1 steps (100%) done
Building DAG of jobs...
Using shell: /usr/bin/bash
Provided cores: 10
Rules claiming more threads will be scaled down.
Provided resources: mem_mb=2000, disk_mb=1000, time=1440
Select jobs to execute...

[Mon Sep 26 14:34:52 2022]
rule viralverify_unicycler_nano:
    input: databases/Pfam35.0/Pfam-A.hmm.gz, example/assembly/reads-nanopore-unicycler/assembly.fasta
    output: example/assembly/reads-viralverify-unicycler_nano/assembly_result_table.csv
    log: example/logs/viralverify_unicycler_nano_reads.log
    jobid: 0
    reason: Forced execution
    wildcards: sample=reads
    threads: 10
    resources: mem_mb=2000, disk_mb=1000, tmpdir=/local/nala0006/1156980, time=1440


            if [[ -s example/assembly/reads-nanopore-unicycler/assembly.fasta ]]; then
                viralverify -f example/assembly/reads-nanopore-unicycler/assembly.fasta --hmm databases/Pfam35.0/Pfam-A.hmm.gz -o example/assembly/reads-viralverify-unicycler_nano -t 10 2> example/logs/viralverify_unicycler_nano_reads.log
            fi
        
Activating conda environment: phage_genome_assembly/workflow/conda/bd4637c900d76f842a9623ed7704aed7_
[Mon Sep 26 14:36:24 2022]
Finished job 0.
1 of 1 steps (100%) done
