Building DAG of jobs...
Using shell: /usr/bin/bash
Provided cores: 1 (use --cores to define parallelism)
Rules claiming more threads will be scaled down.
Provided resources: mem_mb=64000, disk_mb=1000, time=1440
Select jobs to execute...

[Mon Sep 26 15:25:33 2022]
rule components_megahit:
    input: example/assembly/reads-megahit/reads.contigs.fa, example/assembly/reads-megahit/reads.fastg
    output: example/assembly/reads-megahit/graph_seq_details_megahit.tsv
    log: example/logs/components_megahit_reads.log
    jobid: 0
    reason: Forced execution
    wildcards: sample=reads
    resources: mem_mb=64000, disk_mb=1000, tmpdir=/local/nala0006/1157000, time=1440


            if [[ -s example/assembly/reads-megahit/reads.contigs.fa ]]; then
                python phages/phages.workflow/scripts/components.py -a megahit -c example/assembly/reads-megahit/reads.contigs.fa -g example/assembly/reads-megahit/reads.fastg -o example/assembly/reads-megahit 2> example/logs/components_megahit_reads.log
            fi
        
Activating conda environment: phage_genome_assembly/workflow/conda/585719f2b7a2cbc903c90c116365685a_
[Mon Sep 26 15:25:34 2022]
Error in rule components_megahit:
    jobid: 0
    output: example/assembly/reads-megahit/graph_seq_details_megahit.tsv
    log: example/logs/components_megahit_reads.log (check log file(s) for error message)
    conda-env: /scratch/user/nala0006/Bc-PhageSeq/github/phage-genomes/phage_genome_assembly/workflow/conda/585719f2b7a2cbc903c90c116365685a_
    shell:
        
            if [[ -s example/assembly/reads-megahit/reads.contigs.fa ]]; then
                python phages/phages.workflow/scripts/components.py -a megahit -c example/assembly/reads-megahit/reads.contigs.fa -g example/assembly/reads-megahit/reads.fastg -o example/assembly/reads-megahit 2> example/logs/components_megahit_reads.log
            fi
        
        (one of the commands exited with non-zero exit code; note that snakemake uses bash strict mode!)

Shutting down, this might take some time.
Exiting because a job execution failed. Look above for error message
Building DAG of jobs...
Using shell: /usr/bin/bash
Provided cores: 1 (use --cores to define parallelism)
Rules claiming more threads will be scaled down.
Provided resources: mem_mb=64000, disk_mb=1000, time=1440
Select jobs to execute...

[Mon Sep 26 15:26:05 2022]
rule components_megahit:
    input: example/assembly/reads-megahit/reads.contigs.fa, example/assembly/reads-megahit/reads.fastg
    output: example/assembly/reads-megahit/graph_seq_details_megahit.tsv
    log: example/logs/components_megahit_reads.log
    jobid: 0
    reason: Forced execution
    wildcards: sample=reads
    resources: mem_mb=64000, disk_mb=1000, tmpdir=/local/nala0006/1157003, time=1440


            if [[ -s example/assembly/reads-megahit/reads.contigs.fa ]]; then
                python phages/phages.workflow/scripts/components.py -a megahit -c example/assembly/reads-megahit/reads.contigs.fa -g example/assembly/reads-megahit/reads.fastg -o example/assembly/reads-megahit 2> example/logs/components_megahit_reads.log
            fi
        
Activating conda environment: phage_genome_assembly/workflow/conda/585719f2b7a2cbc903c90c116365685a_
[Mon Sep 26 15:26:05 2022]
Error in rule components_megahit:
    jobid: 0
    output: example/assembly/reads-megahit/graph_seq_details_megahit.tsv
    log: example/logs/components_megahit_reads.log (check log file(s) for error message)
    conda-env: /scratch/user/nala0006/Bc-PhageSeq/github/phage-genomes/phage_genome_assembly/workflow/conda/585719f2b7a2cbc903c90c116365685a_
    shell:
        
            if [[ -s example/assembly/reads-megahit/reads.contigs.fa ]]; then
                python phages/phages.workflow/scripts/components.py -a megahit -c example/assembly/reads-megahit/reads.contigs.fa -g example/assembly/reads-megahit/reads.fastg -o example/assembly/reads-megahit 2> example/logs/components_megahit_reads.log
            fi
        
        (one of the commands exited with non-zero exit code; note that snakemake uses bash strict mode!)

Shutting down, this might take some time.
Exiting because a job execution failed. Look above for error message
