Building DAG of jobs...
Using shell: /usr/bin/bash
Provided cores: 1 (use --cores to define parallelism)
Rules claiming more threads will be scaled down.
Provided resources: mem_mb=2000, disk_mb=1000, time=1440
Select jobs to execute...

[Mon Sep 26 12:12:53 2022]
rule filtlong:
    input: test/nanopore-subset/reads.fastq
    output: example/filtlong/reads-filtlong.fastq
    log: example/logs/filtlong_reads.log
    jobid: 0
    reason: Forced execution
    wildcards: sample=reads
    resources: mem_mb=2000, disk_mb=1000, tmpdir=/local/nala0006/1156907, time=1440


            export LC_ALL=en_US.UTF-8
            filtlong --min_length 1000 --keep_percent 95 test/nanopore-subset/reads.fastq > example/filtlong/reads-filtlong.fastq 2> example/logs/filtlong_reads.log
        
Activating conda environment: phage_genome_assembly/workflow/conda/8884407a3b6661ef48a811700c3b1114_
[Mon Sep 26 12:12:54 2022]
Finished job 0.
1 of 1 steps (100%) done
Building DAG of jobs...
Using shell: /usr/bin/bash
Provided cores: 1 (use --cores to define parallelism)
Rules claiming more threads will be scaled down.
Provided resources: mem_mb=2000, disk_mb=1000, time=1440
Select jobs to execute...

[Mon Sep 26 14:33:32 2022]
rule filtlong:
    input: test/nanopore-subset/reads.fastq
    output: example/filtlong/reads-filtlong.fastq
    log: example/logs/filtlong_reads.log
    jobid: 0
    reason: Forced execution
    wildcards: sample=reads
    resources: mem_mb=2000, disk_mb=1000, tmpdir=/local/nala0006/1156975, time=1440


            export LC_ALL=en_US.UTF-8
            filtlong --min_length 1000 --keep_percent 95 test/nanopore-subset/reads.fastq > example/filtlong/reads-filtlong.fastq 2> example/logs/filtlong_reads.log
        
Activating conda environment: phage_genome_assembly/workflow/conda/8884407a3b6661ef48a811700c3b1114_
[Mon Sep 26 14:33:33 2022]
Finished job 0.
1 of 1 steps (100%) done
