Building DAG of jobs...
Using shell: /usr/bin/bash
Provided cores: 10
Rules claiming more threads will be scaled down.
Provided resources: mem_mb=64000, disk_mb=1000, time=7200
Select jobs to execute...

[Mon Sep 26 12:13:02 2022]
rule unicyler_nanopore:
    input: example/filtlong/reads-filtlong.fastq
    output: example/assembly/reads-nanopore-unicycler/assembly.fasta, example/assembly/reads-nanopore-unicycler/assembly.gfa
    log: example/logs/unicycler_nanopore_reads.log
    jobid: 0
    reason: Forced execution
    wildcards: sample=reads
    threads: 10
    resources: mem_mb=64000, disk_mb=1000, tmpdir=/local/nala0006/1156909, time=7200


            unicycler -l example/filtlong/reads-filtlong.fastq -o example/assembly/reads-nanopore-unicycler -t 10 2> example/logs/unicycler_nanopore_reads.log
        
Activating conda environment: phage_genome_assembly/workflow/conda/0a30fb7902fe024c53dee3ec0faff6fb_
[Mon Sep 26 12:13:12 2022]
Finished job 0.
1 of 1 steps (100%) done
Building DAG of jobs...
Using shell: /usr/bin/bash
Provided cores: 10
Rules claiming more threads will be scaled down.
Provided resources: mem_mb=64000, disk_mb=1000, time=7200
Select jobs to execute...

[Mon Sep 26 14:34:01 2022]
rule unicyler_nanopore:
    input: example/filtlong/reads-filtlong.fastq
    output: example/assembly/reads-nanopore-unicycler/assembly.fasta, example/assembly/reads-nanopore-unicycler/assembly.gfa
    log: example/logs/unicycler_nanopore_reads.log
    jobid: 0
    reason: Forced execution
    wildcards: sample=reads
    threads: 10
    resources: mem_mb=64000, disk_mb=1000, tmpdir=/local/nala0006/1156977, time=7200


            unicycler -l example/filtlong/reads-filtlong.fastq -o example/assembly/reads-nanopore-unicycler -t 10 2> example/logs/unicycler_nanopore_reads.log
        
Activating conda environment: phage_genome_assembly/workflow/conda/0a30fb7902fe024c53dee3ec0faff6fb_
[Mon Sep 26 14:34:17 2022]
Finished job 0.
1 of 1 steps (100%) done
